<?xml version="1.0" encoding="UTF-8"?>
<testng-results ignored="0" total="1" passed="1" failed="0" skipped="0">
  <reporter-output>
  </reporter-output>
  <suite started-at="2021-07-18T17:13:42 CEST" name="Surefire suite" finished-at="2021-07-18T17:14:12 CEST" duration-ms="30550">
    <groups>
    </groups>
    <test started-at="2021-07-18T17:13:42 CEST" name="Surefire test" finished-at="2021-07-18T17:14:12 CEST" duration-ms="30550">
      <class name="tests.CreateNewJacketInCMJacketConfiguratorTest">
        <test-method is-config="true" signature="setUp()[pri:0, instance:tests.CreateNewJacketInCMJacketConfiguratorTest@3c46e67a]" started-at="2021-07-18T17:13:42 CEST" name="setUp" finished-at="2021-07-18T17:13:46 CEST" duration-ms="4089" status="PASS">
          <reporter-output>
          </reporter-output>
        </test-method> <!-- setUp -->
        <test-method signature="createNewCustomJacket()[pri:0, instance:tests.CreateNewJacketInCMJacketConfiguratorTest@3c46e67a]" started-at="2021-07-18T17:13:46 CEST" name="createNewCustomJacket" finished-at="2021-07-18T17:14:12 CEST" duration-ms="26319" status="PASS">
          <reporter-output>
          </reporter-output>
        </test-method> <!-- createNewCustomJacket -->
        <test-method is-config="true" signature="tearDown()[pri:0, instance:tests.CreateNewJacketInCMJacketConfiguratorTest@3c46e67a]" started-at="2021-07-18T17:14:12 CEST" name="tearDown" finished-at="2021-07-18T17:14:12 CEST" duration-ms="118" status="PASS">
          <reporter-output>
          </reporter-output>
        </test-method> <!-- tearDown -->
      </class> <!-- tests.CreateNewJacketInCMJacketConfiguratorTest -->
    </test> <!-- Surefire test -->
  </suite> <!-- Surefire suite -->
</testng-results>
